2026-03-02 02:07:54,351 - INFO - Creating report folder on desktop...
2026-03-02 02:07:54,351 - INFO - Report folder created: C:\Users\basant\Desktop\Network_Diagnostic_Report_2026-03-02_02-07-54
2026-03-02 02:08:41,078 - INFO - Creating report folder on desktop...
2026-03-02 02:08:41,078 - INFO - Report folder created: C:\Users\basant\Desktop\Network_Diagnostic_Report_2026-03-02_02-08-41
2026-03-02 02:08:41,078 - INFO - Capturing screenshot: test_screenshot
2026-03-02 02:08:43,318 - INFO - Screenshot saved: C:\Users\basant\Desktop\Network_Diagnostic_Report_2026-03-02_02-08-41\test_screenshot_2026-03-02_02-08-41.png
2026-03-02 02:08:43,320 - INFO - Running ping test to 8.8.8.8
2026-03-02 02:08:46,468 - INFO - Ping test completed, results saved to: C:\Users\basant\Desktop\Network_Diagnostic_Report_2026-03-02_02-08-41\ping_results_2026-03-02_02-08-41.txt
2026-03-02 02:08:46,468 - INFO - Running traceroute to 8.8.8.8
2026-03-02 02:08:55,951 - INFO - Traceroute completed, results saved to: C:\Users\basant\Desktop\Network_Diagnostic_Report_2026-03-02_02-08-41\traceroute_results_2026-03-02_02-08-41.txt
2026-03-02 02:09:57,737 - INFO - Creating report folder on desktop...
2026-03-02 02:09:57,738 - INFO - Report folder created: C:\Users\basant\Desktop\Network_Diagnostic_Report_2026-03-02_02-09-57
2026-03-02 02:09:57,738 - INFO - Running ping test to 8.8.8.8
2026-03-02 02:10:00,842 - INFO - Ping test completed, results saved to: C:\Users\basant\Desktop\Network_Diagnostic_Report_2026-03-02_02-09-57\ping_results_2026-03-02_02-09-57.txt
2026-03-02 02:10:00,842 - INFO - Capturing screenshot: pdf_test_screenshot
2026-03-02 02:10:02,983 - INFO - Screenshot saved: C:\Users\basant\Desktop\Network_Diagnostic_Report_2026-03-02_02-09-57\pdf_test_screenshot_2026-03-02_02-09-57.png
2026-03-02 02:10:02,984 - INFO - Compiling PDF report...
2026-03-02 02:10:02,995 - INFO - PDF report created: C:\Users\basant\Desktop\Network_Diagnostic_Report_2026-03-02_02-09-57\Network_Diagnostic_Report_2026-03-02_02-09-57.pdf
2026-03-02 02:14:49,612 - INFO - ==================================================
2026-03-02 02:14:49,612 - INFO - Automated Network Diagnostic Tool
2026-03-02 02:14:49,613 - INFO - ==================================================
2026-03-02 02:14:49,614 - INFO - Starting complete diagnostic process...
2026-03-02 02:14:49,614 - INFO - Creating report folder on desktop...
2026-03-02 02:14:49,614 - INFO - Report folder created: C:\Users\basant\Desktop\Network_Diagnostic_Report_2026-03-02_02-14-49
2026-03-02 02:14:49,614 - INFO - Opening applications...
2026-03-02 02:14:56,648 - WARNING - NMTr not found, skipping...
2026-03-02 02:14:59,649 - INFO - Applications opened successfully
2026-03-02 02:14:59,649 - INFO - Running network tests...
2026-03-02 02:14:59,649 - INFO - Running ping test to 8.8.8.8
2026-03-02 02:15:05,111 - INFO - Starting complete diagnostic process...
2026-03-02 02:15:05,111 - INFO - Creating report folder on desktop...
2026-03-02 02:15:05,112 - INFO - Report folder created: C:\Users\basant\Desktop\Network_Diagnostic_Report_2026-03-02_02-15-02
2026-03-02 02:15:05,112 - INFO - Opening applications...
2026-03-02 02:15:12,134 - WARNING - NMTr not found, skipping...
2026-03-02 02:15:15,134 - INFO - Applications opened successfully
2026-03-02 02:15:15,135 - INFO - Running network tests...
2026-03-02 02:15:15,135 - INFO - Running ping test to 8.8.8.8
2026-03-02 02:15:18,918 - INFO - Ping test completed, results saved to: C:\Users\basant\Desktop\Network_Diagnostic_Report_2026-03-02_02-14-49\ping_results_2026-03-02_02-14-49.txt
2026-03-02 02:15:18,918 - INFO - Capturing screenshot: ping_test
2026-03-02 02:15:20,917 - INFO - Ping test completed, results saved to: C:\Users\basant\Desktop\Network_Diagnostic_Report_2026-03-02_02-15-02\ping_results_2026-03-02_02-15-02.txt
2026-03-02 02:15:20,917 - INFO - Capturing screenshot: ping_test
2026-03-02 02:15:21,141 - INFO - Screenshot saved: C:\Users\basant\Desktop\Network_Diagnostic_Report_2026-03-02_02-14-49\ping_test_2026-03-02_02-14-49.png
2026-03-02 02:15:21,143 - INFO - Running traceroute to 8.8.8.8
2026-03-02 02:15:34,659 - INFO - Traceroute completed, results saved to: C:\Users\basant\Desktop\Network_Diagnostic_Report_2026-03-02_02-14-49\traceroute_results_2026-03-02_02-14-49.txt
2026-03-02 02:15:34,659 - INFO - Capturing screenshot: traceroute_test
2026-03-02 02:15:36,739 - INFO - Screenshot saved: C:\Users\basant\Desktop\Network_Diagnostic_Report_2026-03-02_02-14-49\traceroute_test_2026-03-02_02-14-49.png
2026-03-02 02:15:36,741 - INFO - Running speed test...
2026-03-02 02:15:59,885 - ERROR - Speed test failed: [Errno 2] No such file or directory: 'C:\\Users\\basant\\Desktop\\Network_Diagnostic_Report_2026-03-02_02-14-49\\speedtest_results_2026-03-02_02-14-49.txt'
2026-03-02 02:15:59,885 - INFO - Capturing screenshot: speedtest
2026-03-02 02:16:01,912 - ERROR - Failed to capture screenshot: [Errno 2] No such file or directory: 'C:\\Users\\basant\\Desktop\\Network_Diagnostic_Report_2026-03-02_02-14-49\\speedtest_2026-03-02_02-14-49.png'
2026-03-02 02:16:01,913 - INFO - Compiling PDF report...
2026-03-02 02:16:01,914 - ERROR - Failed to compile PDF report: [Errno 2] No such file or directory: 'C:\\Users\\basant\\Desktop\\Network_Diagnostic_Report_2026-03-02_02-14-49\\Network_Diagnostic_Report_2026-03-02_02-14-49.pdf'
2026-03-02 02:16:01,914 - ERROR - Failed to generate PDF report
2026-03-02 22:05:21,612 - INFO - Creating report folder on desktop...
2026-03-02 22:05:21,614 - INFO - Report folder created: C:\Users\basant\Desktop\Network_Diagnostic_Report_2026-03-02_22-05-21
2026-03-02 22:05:21,614 - INFO - Running ping test to 8.8.8.8
2026-03-02 22:05:24,703 - INFO - Ping test completed, results saved to: C:\Users\basant\Desktop\Network_Diagnostic_Report_2026-03-02_22-05-21\ping_results_2026-03-02_22-05-21.txt
2026-03-02 22:05:24,703 - INFO - Capturing screenshot: pdf_test_screenshot
2026-03-02 22:05:26,919 - INFO - Screenshot saved: C:\Users\basant\Desktop\Network_Diagnostic_Report_2026-03-02_22-05-21\pdf_test_screenshot_2026-03-02_22-05-21.png
2026-03-02 22:05:26,921 - INFO - Compiling PDF report...
2026-03-02 22:05:26,960 - INFO - PDF report created: C:\Users\basant\Desktop\Network_Diagnostic_Report_2026-03-02_22-05-21\Network_Diagnostic_Report_2026-03-02_22-05-21.pdf
